Drill report for DMH_VCEG_PANEL.kicad_pcb
Created on 2025-10-03T19:57:37+0200

Copper Layer Stackup:
    =============================================================
    L1 :  F.Cu                      front
    L2 :  B.Cu                      back


Drill file 'DMH_VCEG_PANEL-PTH.drl' contains
    plated through holes:
    =============================================================
    T1  0.300mm  0.0118"  (160 holes)
    T2  1.000mm  0.0394"  (8 holes)  (with 8 slots)
    T3  2.400mm  0.0945"  (5 holes)
    T4  3.200mm  0.1260"  (8 holes)
    T5  6.400mm  0.2520"  (5 holes)

    Total plated holes count 186


Drill file 'DMH_VCEG_PANEL-NPTH.drl' contains
    unplated through holes:
    =============================================================
    T1  3.100mm  0.1220"  (8 holes)

    Total unplated holes count 8
